<?xml version="1.0" encoding="UTF-8"?>
<testng-results skipped="0" failed="0" total="1" passed="1">
  <reporter-output>
  </reporter-output>
  <suite name="Default suite" duration-ms="11278" started-at="2018-07-02T14:11:26Z" finished-at="2018-07-02T14:11:37Z">
    <groups>
    </groups>
    <test name="Default test" duration-ms="11278" started-at="2018-07-02T14:11:26Z" finished-at="2018-07-02T14:11:37Z">
      <class name="com.kaali.com.kaali.Test1">
        <test-method status="PASS" signature="f()[pri:0, instance:com.kaali.com.kaali.Test1@6cc4c815]" name="f" duration-ms="11263" started-at="2018-07-02T19:41:26Z" finished-at="2018-07-02T19:41:37Z">
          <reporter-output>
          </reporter-output>
        </test-method> <!-- f -->
      </class> <!-- com.kaali.com.kaali.Test1 -->
    </test> <!-- Default test -->
  </suite> <!-- Default suite -->
</testng-results>
